Please input the min_support, 80.756% for percent, 80756 for num:1%
recordNum = 88163, minSupportNum = 882, minSupport = 1.000420%
All founded. MaxItemNum = 3

itemNum: 1, logNum: 70
-------------
[9] -> 1372
[19] -> 1005
[31] -> 920
[32] -> 15167
[36] -> 2936
[37] -> 1074
[38] -> 15596
[39] -> 50675
[41] -> 14945
[45] -> 911
[48] -> 42135
[49] -> 1120
[60] -> 1489
[65] -> 4472
[78] -> 1060
[79] -> 1600
[89] -> 3837
[101] -> 2237
[110] -> 2794
[117] -> 1026
[123] -> 1302
[147] -> 1779
[161] -> 1010
[170] -> 3099
[175] -> 970
[179] -> 998
[185] -> 1376
[201] -> 1133
[225] -> 3257
[237] -> 3032
[242] -> 911
[249] -> 1160
[255] -> 1474
[258] -> 987
[264] -> 895
[270] -> 1734
[271] -> 2094
[286] -> 1183
[301] -> 1204
[310] -> 2594
[338] -> 1274
[413] -> 1880
[438] -> 1863
[475] -> 2167
[479] -> 926
[522] -> 974
[533] -> 1487
[548] -> 1137
[589] -> 1119
[592] -> 1227
[604] -> 1209
[677] -> 1110
[740] -> 1181
[783] -> 965
[824] -> 1210
[956] -> 911
[1004] -> 1102
[1146] -> 1426
[1327] -> 1786
[1393] -> 1161
[2238] -> 1715
[2958] -> 904
[3270] -> 950
[10515] -> 882
[12925] -> 1467
[13041] -> 1051
[14098] -> 1291
[15832] -> 1143
[16010] -> 1316
[16217] -> 1166

itemNum: 2, logNum: 58
-------------
[32, 38] -> 2833
[32, 39] -> 8455
[32, 41] -> 3196
[32, 48] -> 8034
[36, 38] -> 2790
[36, 39] -> 2037
[36, 48] -> 1416
[37, 38] -> 1046
[38, 39] -> 10345
[38, 41] -> 3897
[38, 48] -> 7944
[38, 110] -> 2725
[38, 170] -> 3031
[38, 286] -> 1116
[39, 41] -> 11414
[39, 48] -> 29142
[39, 60] -> 983
[39, 65] -> 2787
[39, 79] -> 1111
[39, 89] -> 2749
[39, 101] -> 1400
[39, 110] -> 1759
[39, 147] -> 1137
[39, 170] -> 2059
[39, 225] -> 2351
[39, 237] -> 1929
[39, 255] -> 1057
[39, 270] -> 1194
[39, 271] -> 1434
[39, 310] -> 1852
[39, 413] -> 1130
[39, 438] -> 1260
[39, 475] -> 1500
[39, 533] -> 922
[39, 1146] -> 983
[39, 1327] -> 1156
[39, 2238] -> 1287
[39, 12925] -> 938
[41, 48] -> 9018
[41, 65] -> 995
[48, 65] -> 2529
[48, 79] -> 893
[48, 89] -> 2798
[48, 101] -> 1311
[48, 110] -> 1380
[48, 147] -> 1036
[48, 170] -> 1557
[48, 225] -> 1736
[48, 237] -> 1682
[48, 255] -> 1057
[48, 270] -> 957
[48, 271] -> 1090
[48, 310] -> 1692
[48, 413] -> 1135
[48, 438] -> 1025
[48, 475] -> 1428
[48, 1327] -> 968
[48, 2238] -> 955

itemNum: 3, logNum: 2
-------------
[32, 38, 39] -> 1840
[32, 39, 41] -> 2359
Calculate cost time: 131.275s
