Please input the min_support, 80.756% for percent, 80756 for num:2%
recordNum = 88163, minSupportNum = 1764, minSupport = 2.000839%
All founded. MaxItemNum = 3

itemNum: 1, logNum: 20
-------------
[32] -> 15167
[36] -> 2936
[38] -> 15596
[39] -> 50675
[41] -> 14945
[48] -> 42135
[65] -> 4472
[89] -> 3837
[101] -> 2237
[110] -> 2794
[147] -> 1779
[170] -> 3099
[225] -> 3257
[237] -> 3032
[271] -> 2094
[310] -> 2594
[413] -> 1880
[438] -> 1863
[475] -> 2167
[1327] -> 1786

itemNum: 2, logNum: 22
-------------
[32, 38] -> 2833
[32, 39] -> 8455
[32, 41] -> 3196
[32, 48] -> 8034
[36, 38] -> 2790
[36, 39] -> 2037
[38, 39] -> 10345
[38, 41] -> 3897
[38, 48] -> 7944
[38, 110] -> 2725
[38, 170] -> 3031
[39, 41] -> 11414
[39, 48] -> 29142
[39, 65] -> 2787
[39, 89] -> 2749
[39, 170] -> 2059
[39, 225] -> 2351
[39, 237] -> 1929
[39, 310] -> 1852
[41, 48] -> 9018
[48, 65] -> 2529
[48, 89] -> 2798

itemNum: 3, logNum: 2
-------------
[32, 38, 39] -> 1840
[32, 39, 41] -> 2359
